  [1m[36m (107.0ms)[0m  [1mCREATE TABLE "schema_migrations" ("version" character varying(255) NOT NULL) [0m
  [1m[35m (96.7ms)[0m  CREATE UNIQUE INDEX  "unique_schema_migrations" ON "schema_migrations"  ("version")
  [1m[36mActiveRecord::SchemaMigration Load (78.2ms)[0m  [1mSELECT "schema_migrations".* FROM "schema_migrations"[0m
Migrating to CreateShows (20141206232700)
  [1m[35m (77.8ms)[0m  BEGIN
  [1m[36m (110.2ms)[0m  [1mCREATE TABLE "shows" ("id" serial primary key, "name" character varying(255), "overview" text, "tvdb_id" character varying(255), "created_at" timestamp, "updated_at" timestamp) [0m
  [1m[35mSQL (78.2ms)[0m  INSERT INTO "schema_migrations" ("version") VALUES ($1)  [["version", "20141206232700"]]
  [1m[36m (84.3ms)[0m  [1mCOMMIT[0m
  [1m[35mActiveRecord::SchemaMigration Load (81.6ms)[0m  SELECT "schema_migrations".* FROM "schema_migrations"


Started GET "/" for 68.231.104.30 at 2014-12-06 23:51:01 +0000
  [1m[36mActiveRecord::SchemaMigration Load (88.0ms)[0m  [1mSELECT "schema_migrations".* FROM "schema_migrations"[0m
Processing by Rails::WelcomeController#index as HTML
  Rendered /home/action/.gem/ruby/2.1.1/gems/railties-4.1.0/lib/rails/templates/rails/welcome/index.html.erb (2.2ms)
Completed 200 OK in 31ms (Views: 9.5ms | ActiveRecord: 0.0ms)


Started GET "/shows" for 68.231.104.30 at 2014-12-06 23:51:09 +0000
Processing by ShowsController#index as HTML
  [1m[35mShow Load (81.5ms)[0m  SELECT "shows".* FROM "shows"
  Rendered shows/index.html.erb within layouts/application (83.2ms)
Completed 200 OK in 913ms (Views: 828.9ms | ActiveRecord: 81.5ms)


Started GET "/assets/scaffolds.css?body=1" for 68.231.104.30 at 2014-12-06 23:51:10 +0000


Started GET "/assets/shows.css?body=1" for 68.231.104.30 at 2014-12-06 23:51:10 +0000


Started GET "/assets/jquery.js?body=1" for 68.231.104.30 at 2014-12-06 23:51:10 +0000


Started GET "/assets/application.css?body=1" for 68.231.104.30 at 2014-12-06 23:51:10 +0000


Started GET "/assets/jquery_ujs.js?body=1" for 68.231.104.30 at 2014-12-06 23:51:10 +0000


Started GET "/assets/turbolinks.js?body=1" for 68.231.104.30 at 2014-12-06 23:51:10 +0000


Started GET "/assets/shows.js?body=1" for 68.231.104.30 at 2014-12-06 23:51:10 +0000


Started GET "/assets/application.js?body=1" for 68.231.104.30 at 2014-12-06 23:51:11 +0000


Started GET "/shows/new" for 68.231.104.30 at 2014-12-06 23:51:16 +0000
Processing by ShowsController#new as HTML
  Rendered shows/_form.html.erb (30.5ms)
  Rendered shows/new.html.erb within layouts/application (36.4ms)
Completed 200 OK in 365ms (Views: 102.4ms | ActiveRecord: 259.8ms)


Started POST "/shows" for 68.231.104.30 at 2014-12-06 23:51:26 +0000
Processing by ShowsController#create as HTML
  Parameters: {"utf8"=>"✓", "authenticity_token"=>"h5OymBP4zsTSpSkahcmd7PTA/v3PysSYPamjbbL2mcw=", "show"=>{"name"=>"Hello", "overview"=>"Test", "tvdb_id"=>""}, "commit"=>"Create Show"}
  [1m[36m (85.9ms)[0m  [1mBEGIN[0m
  [1m[35mSQL (86.6ms)[0m  INSERT INTO "shows" ("created_at", "name", "overview", "tvdb_id", "updated_at") VALUES ($1, $2, $3, $4, $5) RETURNING "id"  [["created_at", "2014-12-06 23:51:26.661644"], ["name", "Hello"], ["overview", "Test"], ["tvdb_id", ""], ["updated_at", "2014-12-06 23:51:26.661644"]]
  [1m[36m (87.9ms)[0m  [1mCOMMIT[0m
Redirected to http://tvfashion-173013.usw1.nitrousbox.com/shows/1
Completed 302 Found in 443ms (ActiveRecord: 346.5ms)


Started GET "/shows/1" for 68.231.104.30 at 2014-12-06 23:51:29 +0000
Processing by ShowsController#show as HTML
  Parameters: {"id"=>"1"}
  [1m[35mShow Load (94.4ms)[0m  SELECT  "shows".* FROM "shows"  WHERE "shows"."id" = $1 LIMIT 1  [["id", 1]]
  Rendered shows/show.html.erb within layouts/application (1.3ms)
Completed 200 OK in 244ms (Views: 53.4ms | ActiveRecord: 94.4ms)


Started GET "/shows" for 68.231.104.30 at 2014-12-06 23:51:32 +0000
Processing by ShowsController#index as HTML
  [1m[36mShow Load (86.2ms)[0m  [1mSELECT "shows".* FROM "shows"[0m
  Rendered shows/index.html.erb within layouts/application (88.8ms)
Completed 200 OK in 137ms (Views: 50.0ms | ActiveRecord: 86.2ms)


Started DELETE "/shows/1" for 68.231.104.30 at 2014-12-06 23:51:35 +0000
Processing by ShowsController#destroy as HTML
  Parameters: {"authenticity_token"=>"h5OymBP4zsTSpSkahcmd7PTA/v3PysSYPamjbbL2mcw=", "id"=>"1"}
  [1m[35mShow Load (85.8ms)[0m  SELECT  "shows".* FROM "shows"  WHERE "shows"."id" = $1 LIMIT 1  [["id", 1]]
  [1m[36m (86.1ms)[0m  [1mBEGIN[0m
  [1m[35mSQL (86.3ms)[0m  DELETE FROM "shows" WHERE "shows"."id" = $1  [["id", 1]]
  [1m[36m (88.5ms)[0m  [1mCOMMIT[0m
Redirected to http://tvfashion-173013.usw1.nitrousbox.com/shows
Completed 302 Found in 436ms (ActiveRecord: 346.6ms)


Started GET "/shows" for 68.231.104.30 at 2014-12-06 23:51:35 +0000
Processing by ShowsController#index as HTML
  [1m[35mShow Load (86.0ms)[0m  SELECT "shows".* FROM "shows"
  Rendered shows/index.html.erb within layouts/application (86.8ms)
Completed 200 OK in 175ms (Views: 88.0ms | ActiveRecord: 86.0ms)
  [1m[36m (83.2ms)[0m  [1mBEGIN[0m
  [1m[35m (81.0ms)[0m  ROLLBACK
  [1m[36m (78.9ms)[0m  [1mBEGIN[0m
  [1m[35m (79.1ms)[0m  ROLLBACK
  [1m[36m (81.0ms)[0m  [1mBEGIN[0m
  [1m[35m (82.0ms)[0m  ROLLBACK
  [1m[36m (83.0ms)[0m  [1mBEGIN[0m
  [1m[35m (83.1ms)[0m  ROLLBACK
  [1m[36m (81.5ms)[0m  [1mBEGIN[0m
  [1m[35m (78.2ms)[0m  ROLLBACK
  [1m[36m (76.3ms)[0m  [1mBEGIN[0m
  [1m[35m (76.9ms)[0m  ROLLBACK
  [1m[36m (75.5ms)[0m  [1mBEGIN[0m
  [1m[35m (76.2ms)[0m  ROLLBACK
  [1m[36m (82.4ms)[0m  [1mBEGIN[0m
  [1m[35m (81.0ms)[0m  ROLLBACK
